<?xml version="1.0" encoding="UTF-8"?>
<!-- Generated by org.testng.reporters.JUnitReportReporter -->
<testsuite hostname="DESKTOP-LOSCQCA" failures="0" tests="3" name="groupTestingPackage.GroupTestingClass" time="0.020" errors="0" timestamp="28 Jul 2023 07:42:50 GMT" skipped="0">
  <testcase classname="groupTestingPackage.GroupTestingClass" name="tc1" time="0.016"/>
  <testcase classname="groupTestingPackage.GroupTestingClass" name="tc2" time="0.002"/>
  <testcase classname="groupTestingPackage.GroupTestingClass" name="tc4" time="0.002"/>
</testsuite> <!-- groupTestingPackage.GroupTestingClass -->
