<?xml version="1.0" encoding="UTF-8"?>
<!-- Generated by org.testng.reporters.JUnitReportReporter -->
<testsuite hostname="DESKTOP-LOSCQCA" failures="0" tests="2" name="groupTestingPackage.GroupTestingClass" time="0.016" errors="0" timestamp="08 Oct 2023 09:26:37 GMT" skipped="0">
  <testcase classname="groupTestingPackage.GroupTestingClass" name="tc2" time="0.014"/>
  <testcase classname="groupTestingPackage.GroupTestingClass" name="tc3" time="0.002"/>
</testsuite> <!-- groupTestingPackage.GroupTestingClass -->
